2026-06-18 01:32:32,802 | INFO | notification_module.main | Starting up Notification Module...
2026-06-18 01:32:33,315 | INFO | notification_module.database | Database schema initialised (engine: sqlite+aiosqlite).
2026-06-18 01:32:33,330 | ERROR | notification_module.main | Redis connection failed: unknown command 'HELLO'
2026-06-18 01:46:50,753 | INFO | notification_module.main | Shutting down Notification Module...
2026-06-18 08:36:32,435 | INFO | notification_module.main | Starting up Notification Module...
2026-06-18 08:36:32,473 | INFO | notification_module.database | Database schema initialised (engine: sqlite+aiosqlite).
2026-06-18 08:36:34,533 | INFO | notification_module.main | Redis connection verified.
2026-06-18 08:55:06,673 | INFO | notification_module.main | Received send request | task_id=489c07b1-b58e-43f9-b9cf-29102955c924 | type=new_assignment | recipient=student-001
2026-06-18 08:55:06,857 | INFO | notification_module.main | Notification enqueued | task_id=489c07b1-b58e-43f9-b9cf-29102955c924
2026-06-18 08:57:36,735 | INFO | notification_module.main | Received send request | task_id=e5c7d1b4-eb6e-461f-b8fb-5c638b019f80 | type=new_assignment | recipient=student-001
2026-06-18 08:57:36,915 | INFO | notification_module.main | Notification enqueued | task_id=e5c7d1b4-eb6e-461f-b8fb-5c638b019f80
2026-06-18 09:05:08,859 | INFO | notification_module.main | Shutting down Notification Module...
2026-06-18 09:08:48,135 | INFO | notification_module.main | Starting up Notification Module...
2026-06-18 09:08:48,141 | INFO | notification_module.database | Database schema initialised (engine: sqlite+aiosqlite).
2026-06-18 09:08:50,191 | INFO | notification_module.main | Redis connection verified.
2026-06-18 09:19:52,098 | INFO | notification_module.main | Received send request | task_id=f571c719-9076-41ec-b4e2-4e38b578d279 | type=deadline_student | recipient=student-001
2026-06-18 09:19:52,291 | INFO | notification_module.main | Notification enqueued | task_id=f571c719-9076-41ec-b4e2-4e38b578d279
2026-06-18 09:24:08,622 | INFO | notification_module.main | Shutting down Notification Module...
2026-06-18 09:24:16,942 | INFO | notification_module.main | Starting up Notification Module...
2026-06-18 09:24:16,952 | INFO | notification_module.database | Database schema initialised (engine: sqlite+aiosqlite).
2026-06-18 09:24:18,992 | INFO | notification_module.main | Redis connection verified.
2026-06-18 09:25:47,367 | INFO | notification_module.main | Received send request | task_id=bd1199be-6e16-4fc5-b3b0-5ab580c8b6de | type=deadline_student | recipient=student-001
2026-06-18 09:25:47,893 | INFO | notification_module.main | Notification enqueued | task_id=bd1199be-6e16-4fc5-b3b0-5ab580c8b6de
2026-06-18 09:50:22,056 | INFO | notification_module.main | Received send request | task_id=d7624f0c-e0a8-4723-95ab-69573d5c640e | type=new_assignment | recipient=student-001
2026-06-18 09:50:22,588 | INFO | notification_module.main | Notification enqueued | task_id=d7624f0c-e0a8-4723-95ab-69573d5c640e
2026-06-18 09:55:34,236 | INFO | notification_module.main | Shutting down Notification Module...
2026-06-18 09:55:41,699 | INFO | notification_module.main | Starting up Notification Module...
2026-06-18 09:55:41,718 | INFO | notification_module.database | Database schema initialised (engine: sqlite+aiosqlite).
2026-06-18 09:55:43,798 | INFO | notification_module.main | Redis connection verified.
2026-06-18 09:56:52,266 | INFO | notification_module.main | Shutting down Notification Module...
2026-06-18 09:56:54,519 | INFO | notification_module.main | Starting up Notification Module...
2026-06-18 09:56:54,526 | INFO | notification_module.database | Database schema initialised (engine: sqlite+aiosqlite).
2026-06-18 09:56:56,577 | INFO | notification_module.main | Redis connection verified.
2026-06-18 09:57:53,688 | INFO | notification_module.main | Shutting down Notification Module...
2026-06-18 09:58:02,266 | INFO | notification_module.main | Starting up Notification Module...
2026-06-18 09:58:02,273 | INFO | notification_module.database | Database schema initialised (engine: sqlite+aiosqlite).
2026-06-18 09:58:04,320 | INFO | notification_module.main | Redis connection verified.
2026-06-18 09:58:26,197 | INFO | notification_module.main | Received send request | task_id=12302fc3-7d96-47f4-aba2-56d98885850a | type=new_assignment | recipient=student-001
2026-06-18 09:58:26,369 | INFO | notification_module.main | Notification enqueued | task_id=12302fc3-7d96-47f4-aba2-56d98885850a
2026-06-18 09:59:06,585 | INFO | notification_module.main | Shutting down Notification Module...
2026-06-18 09:59:09,078 | INFO | notification_module.main | Starting up Notification Module...
2026-06-18 09:59:09,087 | INFO | notification_module.database | Database schema initialised (engine: sqlite+aiosqlite).
2026-06-18 09:59:11,123 | INFO | notification_module.main | Redis connection verified.
2026-06-18 09:59:21,172 | INFO | notification_module.main | Shutting down Notification Module...
2026-06-18 09:59:28,720 | INFO | notification_module.main | Starting up Notification Module...
2026-06-18 09:59:28,726 | INFO | notification_module.database | Database schema initialised (engine: sqlite+aiosqlite).
2026-06-18 09:59:30,759 | INFO | notification_module.main | Redis connection verified.
2026-06-18 09:59:57,563 | INFO | notification_module.main | Shutting down Notification Module...
2026-06-18 10:01:20,180 | INFO | notification_module.main | Starting up Notification Module...
2026-06-18 10:01:20,186 | INFO | notification_module.database | Database schema initialised (engine: sqlite+aiosqlite).
2026-06-18 10:01:22,238 | INFO | notification_module.main | Redis connection verified.
2026-06-18 10:02:05,831 | INFO | notification_module.main | Received send request | task_id=a01c5d68-4af8-4251-88aa-6dc6cd5d9483 | type=new_assignment | recipient=student-001
2026-06-18 10:02:05,996 | INFO | notification_module.main | Notification enqueued | task_id=a01c5d68-4af8-4251-88aa-6dc6cd5d9483
2026-06-18 10:14:24,824 | INFO | notification_module.main | Received send request | task_id=04f98a35-33d0-4fe5-81f6-508f34ee805b | type=deadline_teacher | recipient=teacher-001
2026-06-18 10:14:25,446 | INFO | notification_module.main | Notification enqueued | task_id=04f98a35-33d0-4fe5-81f6-508f34ee805b
2026-06-18 10:18:15,635 | INFO | notification_module.main | Received send request | task_id=1b737bb0-8563-4fdb-bec5-5094bb9b4526 | type=review_result | recipient=teacher-001
2026-06-18 10:18:16,189 | INFO | notification_module.main | Notification enqueued | task_id=1b737bb0-8563-4fdb-bec5-5094bb9b4526
2026-06-18 10:20:40,124 | INFO | notification_module.main | Received send request | task_id=ffac2bcb-b20a-4b5d-a6bb-7e1e67bf3d59 | type=review_result | recipient=teacher-001
2026-06-18 10:20:40,289 | INFO | notification_module.main | Notification enqueued | task_id=ffac2bcb-b20a-4b5d-a6bb-7e1e67bf3d59
